<?xml version="1.0" encoding="UTF-8"?>
<coverage generated="1689881110505" clover="3.2.0">
  <project timestamp="1689881110508" name="All files">
    <metrics statements="30" coveredstatements="24" conditionals="10" coveredconditionals="9" methods="8" coveredmethods="7" elements="48" coveredelements="40" complexity="0" loc="30" ncloc="30" packages="1" files="1" classes="1"/>
    <file name="LinkedList.js" path="C:\ProgramingProjects\LinkedList-JS\LinkedList.js">
      <metrics statements="30" coveredstatements="24" conditionals="10" coveredconditionals="9" methods="8" coveredmethods="7"/>
      <line num="3" count="9" type="stmt"/>
      <line num="4" count="9" type="stmt"/>
      <line num="8" count="28" type="stmt"/>
      <line num="9" count="28" type="stmt"/>
      <line num="10" count="28" type="stmt"/>
      <line num="14" count="7" type="cond" truecount="4" falsecount="0"/>
      <line num="15" count="5" type="stmt"/>
      <line num="16" count="5" type="stmt"/>
      <line num="17" count="8" type="stmt"/>
      <line num="19" count="5" type="stmt"/>
      <line num="23" count="3" type="cond" truecount="2" falsecount="0"/>
      <line num="24" count="2" type="cond" truecount="2" falsecount="0"/>
      <line num="26" count="1" type="stmt"/>
      <line num="27" count="1" type="cond" truecount="1" falsecount="1"/>
      <line num="29" count="1" type="stmt"/>
      <line num="33" count="1" type="stmt"/>
      <line num="34" count="1" type="stmt"/>
      <line num="37" count="0" type="stmt"/>
      <line num="38" count="0" type="stmt"/>
      <line num="39" count="0" type="stmt"/>
      <line num="40" count="0" type="stmt"/>
      <line num="41" count="0" type="stmt"/>
      <line num="43" count="0" type="stmt"/>
      <line num="49" count="29" type="stmt"/>
      <line num="50" count="29" type="stmt"/>
      <line num="54" count="1" type="stmt"/>
      <line num="55" count="8" type="stmt"/>
      <line num="56" count="8" type="stmt"/>
      <line num="57" count="25" type="stmt"/>
      <line num="59" count="8" type="stmt"/>
    </file>
  </project>
</coverage>
