{"C:\\ProgramingProjects\\LinkedList-JS\\LinkedList.js": {"path":"C:\\ProgramingProjects\\LinkedList-JS\\LinkedList.js","statementMap":{"0":{"start":{"line":3,"column":4},"end":{"line":3,"column":21}},"1":{"start":{"line":4,"column":4},"end":{"line":4,"column":20}},"2":{"start":{"line":8,"column":20},"end":{"line":8,"column":55}},"3":{"start":{"line":9,"column":4},"end":{"line":9,"column":24}},"4":{"start":{"line":10,"column":4},"end":{"line":10,"column":18}},"5":{"start":{"line":14,"column":4},"end":{"line":14,"column":55}},"6":{"start":{"line":14,"column":43},"end":{"line":14,"column":55}},"7":{"start":{"line":15,"column":22},"end":{"line":15,"column":31}},"8":{"start":{"line":16,"column":4},"end":{"line":18,"column":5}},"9":{"start":{"line":16,"column":17},"end":{"line":16,"column":18}},"10":{"start":{"line":17,"column":6},"end":{"line":17,"column":37}},"11":{"start":{"line":19,"column":4},"end":{"line":19,"column":23}},"12":{"start":{"line":23,"column":4},"end":{"line":23,"column":31}},"13":{"start":{"line":23,"column":19},"end":{"line":23,"column":31}},"14":{"start":{"line":24,"column":4},"end":{"line":24,"column":53}},"15":{"start":{"line":24,"column":21},"end":{"line":24,"column":53}},"16":{"start":{"line":26,"column":23},"end":{"line":26,"column":49}},"17":{"start":{"line":27,"column":4},"end":{"line":27,"column":42}},"18":{"start":{"line":27,"column":30},"end":{"line":27,"column":42}},"19":{"start":{"line":29,"column":4},"end":{"line":29,"column":69}},"20":{"start":{"line":33,"column":4},"end":{"line":33,"column":31}},"21":{"start":{"line":34,"column":4},"end":{"line":34,"column":18}},"22":{"start":{"line":37,"column":17},"end":{"line":37,"column":19}},"23":{"start":{"line":38,"column":22},"end":{"line":38,"column":31}},"24":{"start":{"line":39,"column":4},"end":{"line":42,"column":5}},"25":{"start":{"line":40,"column":6},"end":{"line":40,"column":51}},"26":{"start":{"line":41,"column":6},"end":{"line":41,"column":37}},"27":{"start":{"line":43,"column":4},"end":{"line":43,"column":33}},"28":{"start":{"line":49,"column":4},"end":{"line":49,"column":23}},"29":{"start":{"line":50,"column":4},"end":{"line":50,"column":21}},"30":{"start":{"line":54,"column":0},"end":{"line":60,"column":2}},"31":{"start":{"line":55,"column":13},"end":{"line":55,"column":29}},"32":{"start":{"line":56,"column":2},"end":{"line":58,"column":3}},"33":{"start":{"line":56,"column":15},"end":{"line":56,"column":32}},"34":{"start":{"line":57,"column":4},"end":{"line":57,"column":31}},"35":{"start":{"line":59,"column":2},"end":{"line":59,"column":12}}},"fnMap":{"0":{"name":"(anonymous_0)","decl":{"start":{"line":2,"column":2},"end":{"line":2,"column":3}},"loc":{"start":{"line":2,"column":16},"end":{"line":5,"column":3}},"line":2},"1":{"name":"(anonymous_1)","decl":{"start":{"line":7,"column":2},"end":{"line":7,"column":3}},"loc":{"start":{"line":7,"column":21},"end":{"line":11,"column":3}},"line":7},"2":{"name":"(anonymous_2)","decl":{"start":{"line":13,"column":2},"end":{"line":13,"column":3}},"loc":{"start":{"line":13,"column":20},"end":{"line":20,"column":3}},"line":13},"3":{"name":"(anonymous_3)","decl":{"start":{"line":22,"column":2},"end":{"line":22,"column":3}},"loc":{"start":{"line":22,"column":30},"end":{"line":30,"column":3}},"line":22},"4":{"name":"(anonymous_4)","decl":{"start":{"line":32,"column":2},"end":{"line":32,"column":3}},"loc":{"start":{"line":32,"column":15},"end":{"line":35,"column":3}},"line":32},"5":{"name":"(anonymous_5)","decl":{"start":{"line":36,"column":2},"end":{"line":36,"column":3}},"loc":{"start":{"line":36,"column":10},"end":{"line":44,"column":3}},"line":36},"6":{"name":"(anonymous_6)","decl":{"start":{"line":48,"column":2},"end":{"line":48,"column":3}},"loc":{"start":{"line":48,"column":27},"end":{"line":51,"column":3}},"line":48},"7":{"name":"(anonymous_7)","decl":{"start":{"line":54,"column":24},"end":{"line":54,"column":25}},"loc":{"start":{"line":54,"column":45},"end":{"line":60,"column":1}},"line":54}},"branchMap":{"0":{"loc":{"start":{"line":14,"column":4},"end":{"line":14,"column":55}},"type":"if","locations":[{"start":{"line":14,"column":4},"end":{"line":14,"column":55}},{"start":{},"end":{}}],"line":14},"1":{"loc":{"start":{"line":14,"column":8},"end":{"line":14,"column":41}},"type":"binary-expr","locations":[{"start":{"line":14,"column":8},"end":{"line":14,"column":17}},{"start":{"line":14,"column":21},"end":{"line":14,"column":41}}],"line":14},"2":{"loc":{"start":{"line":23,"column":4},"end":{"line":23,"column":31}},"type":"if","locations":[{"start":{"line":23,"column":4},"end":{"line":23,"column":31}},{"start":{},"end":{}}],"line":23},"3":{"loc":{"start":{"line":24,"column":4},"end":{"line":24,"column":53}},"type":"if","locations":[{"start":{"line":24,"column":4},"end":{"line":24,"column":53}},{"start":{},"end":{}}],"line":24},"4":{"loc":{"start":{"line":27,"column":4},"end":{"line":27,"column":42}},"type":"if","locations":[{"start":{"line":27,"column":4},"end":{"line":27,"column":42}},{"start":{},"end":{}}],"line":27}},"s":{"0":9,"1":9,"2":28,"3":28,"4":28,"5":7,"6":2,"7":5,"8":5,"9":5,"10":8,"11":5,"12":3,"13":1,"14":2,"15":1,"16":1,"17":1,"18":0,"19":1,"20":1,"21":1,"22":0,"23":0,"24":0,"25":0,"26":0,"27":0,"28":29,"29":29,"30":1,"31":8,"32":8,"33":8,"34":25,"35":8},"f":{"0":9,"1":28,"2":7,"3":3,"4":1,"5":0,"6":29,"7":8},"b":{"0":[2,5],"1":[7,6],"2":[1,2],"3":[1,1],"4":[0,1]},"_coverageSchema":"1a1c01bbd47fc00a2c39e90264f33305004495a9","hash":"88fe3039c34d8c579435abe2889d71ecaa1a31f3"}
}
