TN:
SF:LinkedList.js
FN:2,(anonymous_0)
FN:7,(anonymous_1)
FN:13,(anonymous_2)
FN:22,(anonymous_3)
FN:32,(anonymous_4)
FN:36,(anonymous_5)
FN:48,(anonymous_6)
FN:54,(anonymous_7)
FNF:8
FNH:7
FNDA:9,(anonymous_0)
FNDA:28,(anonymous_1)
FNDA:7,(anonymous_2)
FNDA:3,(anonymous_3)
FNDA:1,(anonymous_4)
FNDA:0,(anonymous_5)
FNDA:29,(anonymous_6)
FNDA:8,(anonymous_7)
DA:3,9
DA:4,9
DA:8,28
DA:9,28
DA:10,28
DA:14,7
DA:15,5
DA:16,5
DA:17,8
DA:19,5
DA:23,3
DA:24,2
DA:26,1
DA:27,1
DA:29,1
DA:33,1
DA:34,1
DA:37,0
DA:38,0
DA:39,0
DA:40,0
DA:41,0
DA:43,0
DA:49,29
DA:50,29
DA:54,1
DA:55,8
DA:56,8
DA:57,25
DA:59,8
LF:30
LH:24
BRDA:14,0,0,2
BRDA:14,0,1,5
BRDA:14,1,0,7
BRDA:14,1,1,6
BRDA:23,2,0,1
BRDA:23,2,1,2
BRDA:24,3,0,1
BRDA:24,3,1,1
BRDA:27,4,0,0
BRDA:27,4,1,1
BRF:10
BRH:9
end_of_record
